{"logLevel":"debug","message":"multithreading is set to false"}
{"logLevel":"debug","message":"Using reflection to scan dependencies for gauge implementations..."}
log4j:WARN No appenders could be found for logger (io.grpc.netty.shaded.io.netty.util.internal.PlatformDependent).
log4j:WARN Please initialize the log4j system properly.
log4j:WARN See http://logging.apache.org/log4j/1.2/faq.html#noconfig for more info.
{"logLevel":"debug","message":"gauge-java took 2463milliseconds to load and scan. This should be less than 'runner_connection_timeout' config value."}
{"logLevel":"debug","message":"run 'gauge config runner_connection_timeout' and verify that it is < 2463"}
{"logLevel":"debug","message":"starting gRPC server..."}
{"logLevel":"debug","message":"started gRPC server on port 62217"}
{"logLevel":"info","message":"Listening on port:62217"}
{"logLevel":"debug","message":"Scanning packages for steps"}
{"logLevel":"debug","message":"Comparing 'StepImplementation.waitForSecods' and 'StepImplementation.waitForSecods'"}
{"logLevel":"debug","message":"Found {} saniye kadar bekle in current project scope."}
{"logLevel":"debug","message":"Comparing 'StepImplementation.SkipCokkie' and 'StepImplementation.SkipCokkie'"}
{"logLevel":"debug","message":"Found Tanýtým ekranýný geç in current project scope."}
{"logLevel":"debug","message":"Scanning packages for hooks"}
{"logLevel":"debug","message":"Scanned steps (using static parsing + reflections): "}
{"logLevel":"debug","message":"\t{} saniye kadar bekle : public void waitForSecods(ýnt x) throws InterruptedException"}
{"logLevel":"debug","message":"\tTanýtým ekranýný geç : public void SkipCokkie() throws InterruptedException"}
!!!!!!!!!!! Localde test baþlýyor !!!!!!!!!!
!!!!!!!!!!! Localde Android  testi baþlýyor !!!!!!!!!!
Ara 25, 2022 11:27:01 ÖS io.appium.java_client.remote.AppiumCommandExecutor$1 lambda$0
INFO: Detected dialect: W3C
{"logLevel":"debug","message":"Executing '{} saniye kadar bekle' using 'class StepImplementation.waitForSecods"}
{"logLevel":"debug","message":"Executing 'Tanýtým ekranýný geç' using 'class StepImplementation.SkipCokkie"}
Taným ekraný görünür oldu
Notification Bekleniyor
Decline týklandý
{"logLevel":"debug","message":"Killing Java runner..."}
{"logLevel":"debug","message":"Stopping execution pool..."}
{"logLevel":"debug","message":"Shutting down grpc server..."}
{"logLevel":"debug","message":"Runner killed gracefully."}
