{"logLevel":"debug","message":"multithreading is set to false"}
{"logLevel":"debug","message":"Using reflection to scan dependencies for gauge implementations..."}
log4j:WARN No appenders could be found for logger (io.grpc.netty.shaded.io.netty.util.internal.logging.InternalLoggerFactory).
log4j:WARN Please initialize the log4j system properly.
log4j:WARN See http://logging.apache.org/log4j/1.2/faq.html#noconfig for more info.
SLF4J: A number (12) of logging calls during the initialization phase have been intercepted and are
SLF4J: now being replayed. These are subject to the filtering rules of the underlying logging system.
SLF4J: See also http://www.slf4j.org/codes.html#replay
{"logLevel":"debug","message":"gauge-java took 2167milliseconds to load and scan. This should be less than 'runner_connection_timeout' config value."}
{"logLevel":"debug","message":"run 'gauge config runner_connection_timeout' and verify that it is < 2167"}
{"logLevel":"debug","message":"starting gRPC server..."}
{"logLevel":"debug","message":"started gRPC server on port 65432"}
{"logLevel":"info","message":"Listening on port:65432"}
{"logLevel":"debug","message":"Scanning packages for steps"}
{"logLevel":"debug","message":"Comparing 'StepImplementation.clickByxpath' and 'StepImplementation.clickByxpath'"}
{"logLevel":"debug","message":"Found {} xpath li elemente týkla in current project scope."}
{"logLevel":"debug","message":"Comparing 'StepImplementation.clickByid' and 'StepImplementation.clickByid'"}
{"logLevel":"debug","message":"Found {} li elemente týkla in current project scope."}
{"logLevel":"debug","message":"Comparing 'StepImplementation.control' and 'StepImplementation.control'"}
{"logLevel":"debug","message":"Found Uçuþ seçim ekraný kontrolü in current project scope."}
{"logLevel":"debug","message":"Comparing 'StepImplementation.plus7Days' and 'StepImplementation.plus7Days'"}
{"logLevel":"debug","message":"Found Þuanki günden 7 gün sonrasýna tarih seçilir in current project scope."}
{"logLevel":"debug","message":"Comparing 'StepImplementation.waitForSecods' and 'StepImplementation.waitForSecods'"}
{"logLevel":"debug","message":"Found {} saniye kadar bekle in current project scope."}
{"logLevel":"debug","message":"Comparing 'StepImplementation.SkipCokkie' and 'StepImplementation.SkipCokkie'"}
{"logLevel":"debug","message":"Found Tanýtým ekranýný geç in current project scope."}
{"logLevel":"debug","message":"Comparing 'StepImplementation.sendKeyId' and 'StepImplementation.sendKeyId'"}
{"logLevel":"debug","message":"Found {} li elemente {} text deðerini yaz in current project scope."}
{"logLevel":"debug","message":"Scanning packages for hooks"}
{"logLevel":"debug","message":"Scanned steps (using static parsing + reflections): "}
{"logLevel":"debug","message":"\t{} li elemente týkla : public void clickByid(String id)"}
{"logLevel":"debug","message":"\t{} li elemente {} text deðerini yaz : public void sendKeyId(String id, String value)"}
{"logLevel":"debug","message":"\tUçuþ seçim ekraný kontrolü : public void control() throws InterruptedException"}
{"logLevel":"debug","message":"\t{} saniye kadar bekle : public void waitForSecods(ýnt x) throws InterruptedException"}
{"logLevel":"debug","message":"\tTanýtým ekranýný geç : public void SkipCokkie() throws InterruptedException"}
{"logLevel":"debug","message":"\t{} xpath li elemente týkla : public void clickByxpath(String xpath)"}
{"logLevel":"debug","message":"\tÞuanki günden 7 gün sonrasýna tarih seçilir : public void plus7Days()"}
!!!!!!!!!!! Localde test baþlýyor !!!!!!!!!!
!!!!!!!!!!! Localde Android  testi baþlýyor !!!!!!!!!!
Ara 26, 2022 5:47:23 ÖS io.appium.java_client.remote.AppiumCommandExecutor$1 lambda$0
INFO: Detected dialect: W3C
{"logLevel":"debug","message":"Executing 'Tanýtým ekranýný geç' using 'class StepImplementation.SkipCokkie"}
{"logLevel":"debug","message":"Killing Java runner..."}
{"logLevel":"debug","message":"Stopping execution pool..."}
{"logLevel":"debug","message":"Shutting down grpc server..."}
{"logLevel":"debug","message":"Runner killed gracefully."}
